Debugger listening on ws://127.0.0.1:9229/d1dc72d5-58d0-48ee-a112-65c57ea3b611
For help see https://nodejs.org/en/docs/inspector
Debugger listening on ws://127.0.0.1:9229/15b43529-96c9-436f-88da-c2f16d0c6548
For help see https://nodejs.org/en/docs/inspector
Debugger attached.
Debugger listening on ws://127.0.0.1:9229/8d22e368-38ad-46f9-bd94-71904782e23c
For help see https://nodejs.org/en/docs/inspector
Debugger attached.
Debugger listening on ws://127.0.0.1:9229/55bc6c75-d9e7-447c-992e-8b7da88f131d
For help see https://nodejs.org/en/docs/inspector
Debugger attached.
Debugger listening on ws://127.0.0.1:9229/49e763f8-36dd-4771-8ed8-00f92317572e
For help see https://nodejs.org/en/docs/inspector
Debugger attached.
Debugger listening on ws://127.0.0.1:9229/6e44c22e-a7c6-4338-adf3-e6f72f2cf5eb
For help see https://nodejs.org/en/docs/inspector
Debugger attached.
{ host: 'es-cn-0pp11feta0014hcyr.elasticSearch.aliyuncs.com:9200',
  requestTimeout: 120000,
  apiVersion: '6.3',
  httpAuth: 'fourbroad:123' }
Root domain is initializing......!
{ Error: No Living connections
    at sendReqWithConnection (/home/fourbroad/notesmore/node_modules/elasticsearch/src/lib/transport.js:226:15)
    at Object.utils.applyArgs (/home/fourbroad/notesmore/node_modules/elasticsearch/src/lib/utils.js:185:19)
    at wrapper (/home/fourbroad/notesmore/node_modules/lodash/lodash.js:5199:19)
    at _combinedTickCallback (internal/process/next_tick.js:132:7)
    at process._tickCallback (internal/process/next_tick.js:181:9)
    at Function.Module.runMain (module.js:696:11)
    at startup (bootstrap_node.js:204:16)
    at bootstrap_node.js:625:3
  message: 'No Living connections',
  body: undefined,
  status: undefined }
